This file contains any messages produced by compilers while
running configure, to aid debugging if configure makes a mistake.

It was created by libgeotiff configure 1.6.0, which was
generated by GNU Autoconf 2.69.  Invocation command line was

  $ ./configure CFLAGS=-fPIC --with-proj=/usr/local --prefix=/usr/local --disable-shared

## --------- ##
## Platform. ##
## --------- ##

hostname = Mikes-Mac-mini
uname -m = x86_64
uname -r = 19.6.0
uname -s = Darwin
uname -v = Darwin Kernel Version 19.6.0: Thu Oct 29 22:56:45 PDT 2020; root:xnu-6153.141.2.2~1/RELEASE_X86_64

/usr/bin/uname -p = i386
/bin/uname -X     = unknown

/bin/arch              = unknown
/usr/bin/arch -k       = unknown
/usr/convex/getsysinfo = unknown
/usr/bin/hostinfo      = Mach kernel version:
	 Darwin Kernel Version 19.6.0: Thu Oct 29 22:56:45 PDT 2020; root:xnu-6153.141.2.2~1/RELEASE_X86_64
Kernel configured for up to 8 processors.
4 processors are physically available.
8 processors are logically available.
Processor type: i486 (Intel 80486)
Processors active: 0 1 2 3 4 5 6 7
Primary memory available: 8.00 gigabytes
Default processor set: 328 tasks, 1407 threads, 8 processors
Load average: 2.05, Mach factor: 5.94
/bin/machine           = unknown
/usr/bin/oslevel       = unknown
/bin/universe          = unknown

PATH: /usr/local/Cellar/sqlite
PATH: /usr/local/bin
PATH: /usr/bin
PATH: /bin
PATH: /usr/sbin
PATH: /sbin
PATH: /Library/Apple/usr/bin


## ----------- ##
## Core tests. ##
## ----------- ##

configure:2380: checking build system type
configure:2394: result: x86_64-apple-darwin19.6.0
configure:2439: checking for a BSD-compatible install
configure:2507: result: /usr/bin/install -c
configure:2518: checking whether build environment is sane
configure:2573: result: yes
configure:2719: checking for a thread-safe mkdir -p
configure:2758: result: ./install-sh -c -d
configure:2765: checking for gawk
configure:2795: result: no
configure:2765: checking for mawk
configure:2795: result: no
configure:2765: checking for nawk
configure:2795: result: no
configure:2765: checking for awk
configure:2781: found /usr/bin/awk
configure:2792: result: awk
configure:2803: checking whether make sets $(MAKE)
configure:2825: result: yes
configure:2854: checking whether make supports nested variables
configure:2871: result: yes
configure:2998: checking whether to enable maintainer-specific portions of Makefiles
configure:3007: result: no
configure:3068: checking for gcc
configure:3084: found /usr/bin/gcc
configure:3095: result: gcc
configure:3324: checking for C compiler version
configure:3333: gcc --version >&5
Apple clang version 12.0.0 (clang-1200.0.32.28)
Target: x86_64-apple-darwin19.6.0
Thread model: posix
InstalledDir: /Applications/Xcode.app/Contents/Developer/Toolchains/XcodeDefault.xctoolchain/usr/bin
Configured with: --prefix=/Applications/Xcode.app/Contents/Developer/usr --with-gxx-include-dir=/Library/Developer/CommandLineTools/SDKs/MacOSX10.15.sdk/usr/include/c++/4.2.1
configure:3344: $? = 0
configure:3333: gcc -v >&5
Configured with: --prefix=/Applications/Xcode.app/Contents/Developer/usr --with-gxx-include-dir=/Library/Developer/CommandLineTools/SDKs/MacOSX10.15.sdk/usr/include/c++/4.2.1
Apple clang version 12.0.0 (clang-1200.0.32.28)
Target: x86_64-apple-darwin19.6.0
Thread model: posix
InstalledDir: /Applications/Xcode.app/Contents/Developer/Toolchains/XcodeDefault.xctoolchain/usr/bin
configure:3344: $? = 0
configure:3333: gcc -V >&5
clang: error: argument to '-V' is missing (expected 1 value)
clang: error: no input files
configure:3344: $? = 1
configure:3333: gcc -qversion >&5
clang: error: unknown argument '-qversion'; did you mean '--version'?
clang: error: no input files
configure:3344: $? = 1
configure:3364: checking whether the C compiler works
configure:3386: gcc -fPIC   conftest.c  >&5
configure:3390: $? = 0
configure:3438: result: yes
configure:3441: checking for C compiler default output file name
configure:3443: result: a.out
configure:3449: checking for suffix of executables
configure:3456: gcc -o conftest -fPIC   conftest.c  >&5
configure:3460: $? = 0
configure:3482: result: 
configure:3504: checking whether we are cross compiling
configure:3512: gcc -o conftest -fPIC   conftest.c  >&5
configure:3516: $? = 0
configure:3523: ./conftest
configure:3527: $? = 0
configure:3542: result: no
configure:3547: checking for suffix of object files
configure:3569: gcc -c -fPIC  conftest.c >&5
configure:3573: $? = 0
configure:3594: result: o
configure:3598: checking whether we are using the GNU C compiler
configure:3617: gcc -c -fPIC  conftest.c >&5
configure:3617: $? = 0
configure:3626: result: yes
configure:3635: checking whether gcc accepts -g
configure:3655: gcc -c -g  conftest.c >&5
configure:3655: $? = 0
configure:3696: result: yes
configure:3713: checking for gcc option to accept ISO C89
configure:3776: gcc  -c -fPIC  conftest.c >&5
configure:3776: $? = 0
configure:3789: result: none needed
configure:3814: checking whether gcc understands -c and -o together
configure:3836: gcc -c conftest.c -o conftest2.o
configure:3839: $? = 0
configure:3836: gcc -c conftest.c -o conftest2.o
configure:3839: $? = 0
configure:3851: result: yes
configure:3871: checking whether make supports the include directive
configure:3886: make -f confmf.GNU && cat confinc.out
this is the am__doit target
configure:3889: $? = 0
configure:3908: result: yes (GNU style)
configure:3933: checking dependency style of gcc
configure:4044: result: gcc3
configure:4060: checking whether ln -s works
configure:4064: result: yes
configure:4071: checking whether make sets $(MAKE)
configure:4093: result: yes
configure:4127: checking host system type
configure:4140: result: x86_64-apple-darwin19.6.0
configure:4181: checking how to print strings
configure:4208: result: printf
configure:4229: checking for a sed that does not truncate output
configure:4293: result: /usr/bin/sed
configure:4311: checking for grep that handles long lines and -e
configure:4369: result: /usr/bin/grep
configure:4374: checking for egrep
configure:4436: result: /usr/bin/grep -E
configure:4441: checking for fgrep
configure:4503: result: /usr/bin/grep -F
configure:4538: checking for ld used by gcc
configure:4605: result: /Applications/Xcode.app/Contents/Developer/Toolchains/XcodeDefault.xctoolchain/usr/bin/ld
configure:4612: checking if the linker (/Applications/Xcode.app/Contents/Developer/Toolchains/XcodeDefault.xctoolchain/usr/bin/ld) is GNU ld
configure:4627: result: no
configure:4639: checking for BSD- or MS-compatible name lister (nm)
configure:4693: result: /usr/bin/nm -B
configure:4823: checking the name lister (/usr/bin/nm -B) interface
configure:4830: gcc -c -fPIC  conftest.c >&5
configure:4833: /usr/bin/nm -B "conftest.o"
configure:4836: output
0000000000000000 S _some_variable
configure:4843: result: BSD nm
configure:4847: checking the maximum length of command line arguments
configure:4978: result: 196608
configure:5026: checking how to convert x86_64-apple-darwin19.6.0 file names to x86_64-apple-darwin19.6.0 format
configure:5066: result: func_convert_file_noop
configure:5073: checking how to convert x86_64-apple-darwin19.6.0 file names to toolchain format
configure:5093: result: func_convert_file_noop
configure:5100: checking for /Applications/Xcode.app/Contents/Developer/Toolchains/XcodeDefault.xctoolchain/usr/bin/ld option to reload object files
configure:5107: result: -r
configure:5181: checking for objdump
configure:5197: found /usr/bin/objdump
configure:5208: result: objdump
configure:5240: checking how to recognize dependent libraries
configure:5440: result: pass_all
configure:5525: checking for dlltool
configure:5555: result: no
configure:5585: checking how to associate runtime and link libraries
configure:5612: result: printf %s\n
configure:5673: checking for ar
configure:5689: found /usr/bin/ar
configure:5700: result: ar
configure:5737: checking for archiver @FILE support
configure:5754: gcc -c -fPIC  conftest.c >&5
configure:5754: $? = 0
configure:5757: ar cru libconftest.a @conftest.lst >&5
ar: @conftest.lst: No such file or directory
configure:5760: $? = 1
configure:5780: result: no
configure:5838: checking for strip
configure:5854: found /usr/bin/strip
configure:5865: result: strip
configure:5937: checking for ranlib
configure:5953: found /usr/bin/ranlib
configure:5964: result: ranlib
configure:6066: checking command to parse /usr/bin/nm -B output from gcc object
configure:6219: gcc -c -fPIC  conftest.c >&5
configure:6222: $? = 0
configure:6226: /usr/bin/nm -B conftest.o \| sed -n -e 's/^.*[ ]\([BCDEGRST][BCDEGRST]*\)[ ][ ]*\([_A-Za-z][_A-Za-z0-9]*\)$/\1 \2 \2/p' | sed '/ __gnu_lto/d' \> conftest.nm
configure:6229: $? = 0
cannot find nm_test_var in conftest.nm
configure:6219: gcc -c -fPIC  conftest.c >&5
configure:6222: $? = 0
configure:6226: /usr/bin/nm -B conftest.o \| sed -n -e 's/^.*[ ]\([BCDEGRST][BCDEGRST]*\)[ ][ ]*_\([_A-Za-z][_A-Za-z0-9]*\)$/\1 _\2 \2/p' | sed '/ __gnu_lto/d' \> conftest.nm
configure:6229: $? = 0
configure:6295: gcc -o conftest -fPIC   conftest.c conftstm.o >&5
configure:6298: $? = 0
configure:6336: result: ok
configure:6383: checking for sysroot
configure:6413: result: no
configure:6420: checking for a working dd
configure:6458: result: /bin/dd
configure:6462: checking how to truncate binary pipes
configure:6477: result: /bin/dd bs=4096 count=1
configure:6806: checking for mt
configure:6836: result: no
configure:6856: checking if : is a manifest tool
configure:6862: : '-?'
configure:6870: result: no
configure:6926: checking for dsymutil
configure:6942: found /usr/bin/dsymutil
configure:6953: result: dsymutil
configure:7018: checking for nmedit
configure:7034: found /usr/bin/nmedit
configure:7045: result: nmedit
configure:7110: checking for lipo
configure:7126: found /usr/bin/lipo
configure:7137: result: lipo
configure:7202: checking for otool
configure:7218: found /usr/bin/otool
configure:7229: result: otool
configure:7294: checking for otool64
configure:7324: result: no
configure:7369: checking for -single_module linker flag
gcc -fPIC  -o libconftest.dylib -dynamiclib -Wl,-single_module conftest.c
configure:7402: result: yes
configure:7405: checking for -exported_symbols_list linker flag
configure:7425: gcc -o conftest -fPIC   -Wl,-exported_symbols_list,conftest.sym conftest.c  >&5
configure:7425: $? = 0
configure:7435: result: yes
configure:7438: checking for -force_load linker flag
gcc -fPIC -c -o conftest.o conftest.c
ar cru libconftest.a conftest.o
ranlib libconftest.a
gcc -fPIC  -o conftest conftest.c -Wl,-force_load,./libconftest.a
configure:7470: result: yes
configure:7542: checking how to run the C preprocessor
configure:7573: gcc -E  conftest.c
configure:7573: $? = 0
configure:7587: gcc -E  conftest.c
conftest.c:11:10: fatal error: 'ac_nonexistent.h' file not found
#include <ac_nonexistent.h>
         ^~~~~~~~~~~~~~~~~~
1 error generated.
configure:7587: $? = 1
configure: failed program was:
| /* confdefs.h */
| #define PACKAGE_NAME "libgeotiff"
| #define PACKAGE_TARNAME "libgeotiff"
| #define PACKAGE_VERSION "1.6.0"
| #define PACKAGE_STRING "libgeotiff 1.6.0"
| #define PACKAGE_BUGREPORT "warmerdam@pobox.com"
| #define PACKAGE_URL ""
| #define PACKAGE "libgeotiff"
| #define VERSION "1.6.0"
| /* end confdefs.h.  */
| #include <ac_nonexistent.h>
configure:7612: result: gcc -E
configure:7632: gcc -E  conftest.c
configure:7632: $? = 0
configure:7646: gcc -E  conftest.c
conftest.c:11:10: fatal error: 'ac_nonexistent.h' file not found
#include <ac_nonexistent.h>
         ^~~~~~~~~~~~~~~~~~
1 error generated.
configure:7646: $? = 1
configure: failed program was:
| /* confdefs.h */
| #define PACKAGE_NAME "libgeotiff"
| #define PACKAGE_TARNAME "libgeotiff"
| #define PACKAGE_VERSION "1.6.0"
| #define PACKAGE_STRING "libgeotiff 1.6.0"
| #define PACKAGE_BUGREPORT "warmerdam@pobox.com"
| #define PACKAGE_URL ""
| #define PACKAGE "libgeotiff"
| #define VERSION "1.6.0"
| /* end confdefs.h.  */
| #include <ac_nonexistent.h>
configure:7675: checking for ANSI C header files
configure:7695: gcc -c -fPIC  conftest.c >&5
configure:7695: $? = 0
configure:7768: gcc -o conftest -fPIC   conftest.c  >&5
configure:7768: $? = 0
configure:7768: ./conftest
configure:7768: $? = 0
configure:7779: result: yes
configure:7792: checking for sys/types.h
configure:7792: gcc -c -fPIC  conftest.c >&5
configure:7792: $? = 0
configure:7792: result: yes
configure:7792: checking for sys/stat.h
configure:7792: gcc -c -fPIC  conftest.c >&5
configure:7792: $? = 0
configure:7792: result: yes
configure:7792: checking for stdlib.h
configure:7792: gcc -c -fPIC  conftest.c >&5
configure:7792: $? = 0
configure:7792: result: yes
configure:7792: checking for string.h
configure:7792: gcc -c -fPIC  conftest.c >&5
configure:7792: $? = 0
configure:7792: result: yes
configure:7792: checking for memory.h
configure:7792: gcc -c -fPIC  conftest.c >&5
configure:7792: $? = 0
configure:7792: result: yes
configure:7792: checking for strings.h
configure:7792: gcc -c -fPIC  conftest.c >&5
configure:7792: $? = 0
configure:7792: result: yes
configure:7792: checking for inttypes.h
configure:7792: gcc -c -fPIC  conftest.c >&5
configure:7792: $? = 0
configure:7792: result: yes
configure:7792: checking for stdint.h
configure:7792: gcc -c -fPIC  conftest.c >&5
configure:7792: $? = 0
configure:7792: result: yes
configure:7792: checking for unistd.h
configure:7792: gcc -c -fPIC  conftest.c >&5
configure:7792: $? = 0
configure:7792: result: yes
configure:7806: checking for dlfcn.h
configure:7806: gcc -c -fPIC  conftest.c >&5
configure:7806: $? = 0
configure:7806: result: yes
configure:8062: checking for objdir
configure:8077: result: .libs
configure:8341: checking if gcc supports -fno-rtti -fno-exceptions
configure:8359: gcc -c -fPIC  -fno-rtti -fno-exceptions conftest.c >&5
configure:8363: $? = 0
configure:8376: result: yes
configure:8734: checking for gcc option to produce PIC
configure:8741: result: -fno-common -DPIC
configure:8749: checking if gcc PIC flag -fno-common -DPIC works
configure:8767: gcc -c -fPIC  -fno-common -DPIC -DPIC conftest.c >&5
configure:8771: $? = 0
configure:8784: result: yes
configure:8813: checking if gcc static flag -static works
configure:8841: result: no
configure:8856: checking if gcc supports -c -o file.o
configure:8877: gcc -c -fPIC  -o out/conftest2.o conftest.c >&5
configure:8881: $? = 0
configure:8903: result: yes
configure:8911: checking if gcc supports -c -o file.o
configure:8958: result: yes
configure:8991: checking whether the gcc linker (/Applications/Xcode.app/Contents/Developer/Toolchains/XcodeDefault.xctoolchain/usr/bin/ld) supports shared libraries
configure:10250: result: yes
configure:10490: checking dynamic linker characteristics
configure:11308: result: darwin19.6.0 dyld
configure:11430: checking how to hardcode library paths into programs
configure:11455: result: immediate
configure:12003: checking whether stripping libraries is possible
configure:12017: result: yes
configure:12043: checking if libtool supports shared libraries
configure:12045: result: yes
configure:12048: checking whether to build shared libraries
configure:12073: result: no
configure:12076: checking whether to build static libraries
configure:12080: result: yes
configure:12128: checking for string.h
configure:12128: result: yes
configure:12142: checking stdio.h usability
configure:12142: gcc -c -fPIC  conftest.c >&5
configure:12142: $? = 0
configure:12142: result: yes
configure:12142: checking stdio.h presence
configure:12142: gcc -E  conftest.c
configure:12142: $? = 0
configure:12142: result: yes
configure:12142: checking for stdio.h
configure:12142: result: yes
configure:12156: checking for stdlib.h
configure:12156: result: yes
configure:12171: checking locale.h usability
configure:12171: gcc -c -fPIC  conftest.c >&5
configure:12171: $? = 0
configure:12171: result: yes
configure:12171: checking locale.h presence
configure:12171: gcc -E  conftest.c
configure:12171: $? = 0
configure:12171: result: yes
configure:12171: checking for locale.h
configure:12171: result: yes
configure:12194: checking for debug enabled
configure:12203: result: no
configure:12208: checking for exp in -lm
configure:12233: gcc -o conftest -fPIC -O3 -DNDEBUG   conftest.c -lm    >&5
conftest.c:34:6: warning: incompatible redeclaration of library function 'exp' [-Wincompatible-library-redeclaration]
char exp ();
     ^
conftest.c:34:6: note: 'exp' is a builtin with type 'double (double)'
1 warning generated.
configure:12233: $? = 0
configure:12242: result: yes
configure:12365: checking for zlib
configure:12367: result: no
configure:12411: checking for jpeg
configure:12413: result: no
configure:12662: checking for pkg-config
configure:12680: found /usr/local/bin/pkg-config
configure:12692: result: /usr/local/bin/pkg-config
configure:12717: checking pkg-config is at least version 0.9.0
configure:12720: result: yes
configure:12730: checking for libtiff-4
configure:12737: $PKG_CONFIG --exists --print-errors "libtiff-4"
configure:12740: $? = 0
configure:12754: $PKG_CONFIG --exists --print-errors "libtiff-4"
configure:12757: $? = 0
configure:12973: result: yes
configure:12992: checking for PROJ >= 6 library
configure:13247: checking for proj_create_from_wkt in -lproj
configure:13272: gcc -o conftest -fPIC -O3 -DNDEBUG   conftest.c -lproj  -L/usr/local/lib -lproj -lm   -L/usr/local/Cellar/libtiff/4.2.0/lib -ltiff >&5
ld: warning: dylib (/usr/local/lib/libtiff.dylib) was built for newer macOS version (10.15) than being linked (10.9)
configure:13272: $? = 0
configure:13281: result: yes
configure:13528: proj.h found
configure:13547: checking if libtool needs -no-undefined flag to build shared libraries
configure:13558: result: no
configure:13674: checking for doxygen
configure:13707: result: no
configure:13727: WARNING: doxygen not found - will not generate any doxygen documentation
configure:13780: checking for perl
configure:13798: found /usr/bin/perl
configure:13810: result: /usr/bin/perl
configure:15617: checking that generated files are newer than configure
configure:15623: result: done
configure:15750: creating ./config.status

## ---------------------- ##
## Running config.status. ##
## ---------------------- ##

This file was extended by libgeotiff config.status 1.6.0, which was
generated by GNU Autoconf 2.69.  Invocation command line was

  CONFIG_FILES    = 
  CONFIG_HEADERS  = 
  CONFIG_LINKS    = 
  CONFIG_COMMANDS = 
  $ ./config.status 

on Mikes-Mac-mini

config.status:1164: creating Makefile
config.status:1164: creating libxtiff/Makefile
config.status:1164: creating bin/Makefile
config.status:1164: creating man/Makefile
config.status:1164: creating man/man1/Makefile
config.status:1164: creating cmake/Makefile
config.status:1164: creating test/Makefile
config.status:1164: creating geo_config.h
config.status:1393: executing depfiles commands
config.status:1470: cd .       && sed -e '/# am--include-marker/d' Makefile         | make -f - am--depfiles
config.status:1475: $? = 0
config.status:1470: cd libxtiff       && sed -e '/# am--include-marker/d' Makefile         | make -f - am--depfiles
config.status:1475: $? = 0
config.status:1470: cd bin       && sed -e '/# am--include-marker/d' Makefile         | make -f - am--depfiles
config.status:1475: $? = 0
config.status:1393: executing libtool commands

## ---------------- ##
## Cache variables. ##
## ---------------- ##

ac_cv_build=x86_64-apple-darwin19.6.0
ac_cv_c_compiler_gnu=yes
ac_cv_env_CC_set=
ac_cv_env_CC_value=
ac_cv_env_CFLAGS_set=set
ac_cv_env_CFLAGS_value=-fPIC
ac_cv_env_CPPFLAGS_set=
ac_cv_env_CPPFLAGS_value=
ac_cv_env_CPP_set=
ac_cv_env_CPP_value=
ac_cv_env_DOXYGEN_PAPER_SIZE_set=
ac_cv_env_DOXYGEN_PAPER_SIZE_value=
ac_cv_env_LDFLAGS_set=
ac_cv_env_LDFLAGS_value=
ac_cv_env_LIBS_set=
ac_cv_env_LIBS_value=
ac_cv_env_LIBTIFF_CFLAGS_set=
ac_cv_env_LIBTIFF_CFLAGS_value=
ac_cv_env_LIBTIFF_LIBS_set=
ac_cv_env_LIBTIFF_LIBS_value=
ac_cv_env_LT_SYS_LIBRARY_PATH_set=
ac_cv_env_LT_SYS_LIBRARY_PATH_value=
ac_cv_env_PKG_CONFIG_LIBDIR_set=
ac_cv_env_PKG_CONFIG_LIBDIR_value=
ac_cv_env_PKG_CONFIG_PATH_set=
ac_cv_env_PKG_CONFIG_PATH_value=
ac_cv_env_PKG_CONFIG_set=
ac_cv_env_PKG_CONFIG_value=
ac_cv_env_PROJ_CFLAGS_set=
ac_cv_env_PROJ_CFLAGS_value=
ac_cv_env_PROJ_LIBS_set=
ac_cv_env_PROJ_LIBS_value=
ac_cv_env_build_alias_set=
ac_cv_env_build_alias_value=
ac_cv_env_host_alias_set=
ac_cv_env_host_alias_value=
ac_cv_env_target_alias_set=
ac_cv_env_target_alias_value=
ac_cv_header_dlfcn_h=yes
ac_cv_header_inttypes_h=yes
ac_cv_header_locale_h=yes
ac_cv_header_memory_h=yes
ac_cv_header_stdc=yes
ac_cv_header_stdint_h=yes
ac_cv_header_stdio_h=yes
ac_cv_header_stdlib_h=yes
ac_cv_header_string_h=yes
ac_cv_header_strings_h=yes
ac_cv_header_sys_stat_h=yes
ac_cv_header_sys_types_h=yes
ac_cv_header_unistd_h=yes
ac_cv_host=x86_64-apple-darwin19.6.0
ac_cv_lib_m_exp=yes
ac_cv_lib_proj_proj_create_from_wkt=yes
ac_cv_objext=o
ac_cv_path_EGREP='/usr/bin/grep -E'
ac_cv_path_FGREP='/usr/bin/grep -F'
ac_cv_path_GREP=/usr/bin/grep
ac_cv_path_SED=/usr/bin/sed
ac_cv_path_ac_pt_DX_PERL=/usr/bin/perl
ac_cv_path_ac_pt_PKG_CONFIG=/usr/local/bin/pkg-config
ac_cv_path_install='/usr/bin/install -c'
ac_cv_path_lt_DD=/bin/dd
ac_cv_prog_AWK=awk
ac_cv_prog_CPP='gcc -E'
ac_cv_prog_ac_ct_AR=ar
ac_cv_prog_ac_ct_CC=gcc
ac_cv_prog_ac_ct_DSYMUTIL=dsymutil
ac_cv_prog_ac_ct_LIPO=lipo
ac_cv_prog_ac_ct_NMEDIT=nmedit
ac_cv_prog_ac_ct_OBJDUMP=objdump
ac_cv_prog_ac_ct_OTOOL=otool
ac_cv_prog_ac_ct_RANLIB=ranlib
ac_cv_prog_ac_ct_STRIP=strip
ac_cv_prog_cc_c89=
ac_cv_prog_cc_g=yes
ac_cv_prog_make_make_set=yes
am_cv_CC_dependencies_compiler_type=gcc3
am_cv_make_support_nested_variables=yes
am_cv_prog_cc_c_o=yes
lt_cv_apple_cc_single_mod=yes
lt_cv_ar_at_file=no
lt_cv_deplibs_check_method=pass_all
lt_cv_file_magic_cmd='$MAGIC_CMD'
lt_cv_file_magic_test_file=
lt_cv_ld_exported_symbols_list=yes
lt_cv_ld_force_load=yes
lt_cv_ld_reload_flag=-r
lt_cv_nm_interface='BSD nm'
lt_cv_objdir=.libs
lt_cv_path_LD=/Applications/Xcode.app/Contents/Developer/Toolchains/XcodeDefault.xctoolchain/usr/bin/ld
lt_cv_path_NM='/usr/bin/nm -B'
lt_cv_path_mainfest_tool=no
lt_cv_prog_compiler_c_o=yes
lt_cv_prog_compiler_pic='-fno-common -DPIC'
lt_cv_prog_compiler_pic_works=yes
lt_cv_prog_compiler_rtti_exceptions=yes
lt_cv_prog_compiler_static_works=no
lt_cv_prog_gnu_ld=no
lt_cv_sharedlib_from_linklib_cmd='printf %s\n'
lt_cv_sys_global_symbol_pipe='sed -n -e '\''s/^.*[	 ]\([BCDEGRST][BCDEGRST]*\)[	 ][	 ]*_\([_A-Za-z][_A-Za-z0-9]*\)$/\1 _\2 \2/p'\'' | sed '\''/ __gnu_lto/d'\'''
lt_cv_sys_global_symbol_to_c_name_address='sed -n -e '\''s/^: \(.*\) .*$/  {"\1", (void *) 0},/p'\'' -e '\''s/^[BCDEGRST][BCDEGRST]* .* \(.*\)$/  {"\1", (void *) \&\1},/p'\'''
lt_cv_sys_global_symbol_to_c_name_address_lib_prefix='sed -n -e '\''s/^: \(.*\) .*$/  {"\1", (void *) 0},/p'\'' -e '\''s/^[BCDEGRST][BCDEGRST]* .* \(lib.*\)$/  {"\1", (void *) \&\1},/p'\'' -e '\''s/^[BCDEGRST][BCDEGRST]* .* \(.*\)$/  {"lib\1", (void *) \&\1},/p'\'''
lt_cv_sys_global_symbol_to_cdecl='sed -n -e '\''s/^T .* \(.*\)$/extern int \1();/p'\'' -e '\''s/^[BCDEGRST][BCDEGRST]* .* \(.*\)$/extern char \1;/p'\'''
lt_cv_sys_global_symbol_to_import=
lt_cv_sys_max_cmd_len=196608
lt_cv_to_host_file_cmd=func_convert_file_noop
lt_cv_to_tool_file_cmd=func_convert_file_noop
lt_cv_truncate_bin='/bin/dd bs=4096 count=1'
pkg_cv_LIBTIFF_CFLAGS=-I/usr/local/Cellar/libtiff/4.2.0/include
pkg_cv_LIBTIFF_LIBS='-L/usr/local/Cellar/libtiff/4.2.0/lib -ltiff'

## ----------------- ##
## Output variables. ##
## ----------------- ##

ACLOCAL='${SHELL} '\''/Users/mikerossiter/Documents/github/photolayer_pi-opengl/libs/libgeotiff/libgeotiff-1.6.0/missing'\'' aclocal-1.16'
AMDEPBACKSLASH='\'
AMDEP_FALSE='#'
AMDEP_TRUE=''
AMTAR='$${TAR-tar}'
AM_BACKSLASH='\'
AM_DEFAULT_V='$(AM_DEFAULT_VERBOSITY)'
AM_DEFAULT_VERBOSITY='1'
AM_V='$(V)'
AR='ar'
AUTOCONF='${SHELL} '\''/Users/mikerossiter/Documents/github/photolayer_pi-opengl/libs/libgeotiff/libgeotiff-1.6.0/missing'\'' autoconf'
AUTOHEADER='${SHELL} '\''/Users/mikerossiter/Documents/github/photolayer_pi-opengl/libs/libgeotiff/libgeotiff-1.6.0/missing'\'' autoheader'
AUTOMAKE='${SHELL} '\''/Users/mikerossiter/Documents/github/photolayer_pi-opengl/libs/libgeotiff/libgeotiff-1.6.0/missing'\'' automake-1.16'
AWK='awk'
CC='gcc'
CCDEPMODE='depmode=gcc3'
CFLAGS='-fPIC -O3 -DNDEBUG'
CPP='gcc -E'
CPPFLAGS=''
CYGPATH_W='echo'
DEFS='-DHAVE_CONFIG_H'
DEPDIR='.deps'
DLLTOOL='false'
DOXYGEN_PAPER_SIZE=''
DSYMUTIL='dsymutil'
DUMPBIN=''
DX_COND_chi_FALSE=''
DX_COND_chi_TRUE='#'
DX_COND_chm_FALSE=''
DX_COND_chm_TRUE='#'
DX_COND_doc_FALSE=''
DX_COND_doc_TRUE='#'
DX_COND_dot_FALSE=''
DX_COND_dot_TRUE='#'
DX_COND_html_FALSE=''
DX_COND_html_TRUE='#'
DX_COND_latex_FALSE=''
DX_COND_latex_TRUE='#'
DX_COND_man_FALSE=''
DX_COND_man_TRUE='#'
DX_COND_pdf_FALSE=''
DX_COND_pdf_TRUE='#'
DX_COND_ps_FALSE=''
DX_COND_ps_TRUE='#'
DX_COND_rtf_FALSE=''
DX_COND_rtf_TRUE='#'
DX_COND_xml_FALSE=''
DX_COND_xml_TRUE='#'
DX_CONFIG='docs/Doxyfile'
DX_DOCDIR='docs/output'
DX_DOT=''
DX_DOXYGEN=''
DX_DVIPS=''
DX_EGREP=''
DX_ENV=' SRCDIR='\''.'\'' PROJECT='\''libgeotiff'\'' DOCDIR='\''docs/output'\'' VERSION='\''1.6.0'\'' HAVE_DOT='\''NO'\'' GENERATE_MAN='\''NO'\'' GENERATE_RTF='\''NO'\'' GENERATE_XML='\''NO'\'' GENERATE_HTMLHELP='\''NO'\'' GENERATE_CHI='\''NO'\'' GENERATE_HTML='\''NO'\'' GENERATE_LATEX='\''NO'\'''
DX_FLAG_DX_CURRENT_FEATURE=''
DX_FLAG_chi='0'
DX_FLAG_chm='0'
DX_FLAG_doc='0'
DX_FLAG_dot='0'
DX_FLAG_html='0'
DX_FLAG_man='0'
DX_FLAG_pdf='0'
DX_FLAG_ps='0'
DX_FLAG_rtf='0'
DX_FLAG_xml='0'
DX_HHC=''
DX_LATEX=''
DX_MAKEINDEX=''
DX_PDFLATEX=''
DX_PERL='/usr/bin/perl'
DX_PROJECT='libgeotiff'
ECHO_C='\c'
ECHO_N=''
ECHO_T=''
EGREP='/usr/bin/grep -E'
EXEEXT=''
FGREP='/usr/bin/grep -F'
GREP='/usr/bin/grep'
INSTALL_DATA='${INSTALL} -m 644'
INSTALL_PROGRAM='${INSTALL}'
INSTALL_SCRIPT='${INSTALL}'
INSTALL_STRIP_PROGRAM='$(install_sh) -c -s'
JPEG_INC=''
JPEG_IS_CONFIG_FALSE=''
JPEG_IS_CONFIG_TRUE='#'
JPEG_PREFIX=''
LD='/Applications/Xcode.app/Contents/Developer/Toolchains/XcodeDefault.xctoolchain/usr/bin/ld'
LDFLAGS=''
LIBOBJS=''
LIBS='-L/usr/local/lib -lproj -lm   -L/usr/local/Cellar/libtiff/4.2.0/lib -ltiff'
LIBTIFF_CFLAGS='-I/usr/local/Cellar/libtiff/4.2.0/include'
LIBTIFF_LIBS='-L/usr/local/Cellar/libtiff/4.2.0/lib -ltiff'
LIBTOOL='$(SHELL) $(top_builddir)/libtool'
LIPO='lipo'
LN_S='ln -s'
LTLIBOBJS=''
LT_SYS_LIBRARY_PATH=''
MAINT='#'
MAINTAINER_MODE_FALSE=''
MAINTAINER_MODE_TRUE='#'
MAKEINFO='${SHELL} '\''/Users/mikerossiter/Documents/github/photolayer_pi-opengl/libs/libgeotiff/libgeotiff-1.6.0/missing'\'' makeinfo'
MANIFEST_TOOL=':'
MKDIR_P='./install-sh -c -d'
NM='/usr/bin/nm -B'
NMEDIT='nmedit'
NOUNDEFINED=''
OBJDUMP='objdump'
OBJEXT='o'
OTOOL64=':'
OTOOL='otool'
PACKAGE='libgeotiff'
PACKAGE_BUGREPORT='warmerdam@pobox.com'
PACKAGE_NAME='libgeotiff'
PACKAGE_STRING='libgeotiff 1.6.0'
PACKAGE_TARNAME='libgeotiff'
PACKAGE_URL=''
PACKAGE_VERSION='1.6.0'
PATH_SEPARATOR=':'
PKG_CONFIG='/usr/local/bin/pkg-config'
PKG_CONFIG_LIBDIR=''
PKG_CONFIG_PATH=''
PROJ_CFLAGS=''
PROJ_INCLUDE=' -I/usr/local/include'
PROJ_LIBS=''
RANLIB='ranlib'
RELEASE_VERSION='1.6.0'
SED='/usr/bin/sed'
SET_MAKE=''
SHELL='/bin/sh'
STRIP='strip'
TIFF_INC='-I/usr/local/Cellar/libtiff/4.2.0/include'
TIFF_IS_CONFIG_FALSE='#'
TIFF_IS_CONFIG_TRUE=''
TIFF_PREFIX=''
VERSION='1.6.0'
ZIP_INC=''
ZIP_IS_CONFIG_FALSE=''
ZIP_IS_CONFIG_TRUE='#'
ZIP_PREFIX=''
ac_ct_AR='ar'
ac_ct_CC='gcc'
ac_ct_DUMPBIN=''
am__EXEEXT_FALSE=''
am__EXEEXT_TRUE='#'
am__fastdepCC_FALSE='#'
am__fastdepCC_TRUE=''
am__include='include'
am__isrc=''
am__leading_dot='.'
am__nodep='_no'
am__quote=''
am__tar='$${TAR-tar} chof - "$$tardir"'
am__untar='$${TAR-tar} xf -'
bindir='${exec_prefix}/bin'
build='x86_64-apple-darwin19.6.0'
build_alias=''
build_cpu='x86_64'
build_os='darwin19.6.0'
build_vendor='apple'
datadir='${datarootdir}'
datarootdir='${prefix}/share'
docdir='${datarootdir}/doc/${PACKAGE_TARNAME}'
dvidir='${docdir}'
exec_prefix='${prefix}'
host='x86_64-apple-darwin19.6.0'
host_alias=''
host_cpu='x86_64'
host_os='darwin19.6.0'
host_vendor='apple'
htmldir='${docdir}'
includedir='${prefix}/include'
infodir='${datarootdir}/info'
install_sh='${SHELL} /Users/mikerossiter/Documents/github/photolayer_pi-opengl/libs/libgeotiff/libgeotiff-1.6.0/install-sh'
libdir='${exec_prefix}/lib'
libexecdir='${exec_prefix}/libexec'
localedir='${datarootdir}/locale'
localstatedir='${prefix}/var'
mandir='${datarootdir}/man'
mkdir_p='$(MKDIR_P)'
oldincludedir='/usr/include'
pdfdir='${docdir}'
prefix='/usr/local'
program_transform_name='s,x,x,'
psdir='${docdir}'
sbindir='${exec_prefix}/sbin'
sharedstatedir='${prefix}/com'
sysconfdir='${prefix}/etc'
target_alias=''

## ----------- ##
## confdefs.h. ##
## ----------- ##

/* confdefs.h */
#define PACKAGE_NAME "libgeotiff"
#define PACKAGE_TARNAME "libgeotiff"
#define PACKAGE_VERSION "1.6.0"
#define PACKAGE_STRING "libgeotiff 1.6.0"
#define PACKAGE_BUGREPORT "warmerdam@pobox.com"
#define PACKAGE_URL ""
#define PACKAGE "libgeotiff"
#define VERSION "1.6.0"
#define STDC_HEADERS 1
#define HAVE_SYS_TYPES_H 1
#define HAVE_SYS_STAT_H 1
#define HAVE_STDLIB_H 1
#define HAVE_STRING_H 1
#define HAVE_MEMORY_H 1
#define HAVE_STRINGS_H 1
#define HAVE_INTTYPES_H 1
#define HAVE_STDINT_H 1
#define HAVE_UNISTD_H 1
#define HAVE_DLFCN_H 1
#define LT_OBJDIR ".libs/"
#define HAVE_STRING_H 1
#define HAVE_STDIO_H 1
#define HAVE_STDLIB_H 1
#define HAVE_LOCALE_H 1
#define HAVE_LIBM 1

configure: exit 0
